2025-07-19 18:55:24 | DEBUG | src.anquant.py.util.logging | Added file handler for D:\AlphaNivesh\ANQuant\logs\kafka_client_2025-07-19.log, handler ID: 5
2025-07-19 18:55:24 | INFO | src.anquant.py.util.logging | Logging initialized for kafka_client (type: messaging, file: D:\AlphaNivesh\ANQuant\logs\kafka_client_2025-07-19.log)
2025-07-19 18:55:26 | DEBUG | src.anquant.py.util.logging | Using config path: D:\AlphaNivesh\ANQuant\config/config.yaml, log dir: D:\AlphaNivesh\ANQuant\logs
2025-07-19 18:55:26 | DEBUG | src.anquant.py.util.logging | Creating log directory: D:\AlphaNivesh\ANQuant\logs
2025-07-19 18:55:26 | DEBUG | src.anquant.py.util.logging | Log file path: D:\AlphaNivesh\ANQuant\logs\angelone_2025-07-19.log
2025-07-19 19:05:37 | DEBUG | src.anquant.py.util.logging | Added file handler for D:\AlphaNivesh\ANQuant\logs\kafka_client_2025-07-19.log, handler ID: 5
2025-07-19 19:05:37 | INFO | src.anquant.py.util.logging | Logging initialized for kafka_client (type: messaging, file: D:\AlphaNivesh\ANQuant\logs\kafka_client_2025-07-19.log)
2025-07-19 19:05:39 | DEBUG | src.anquant.py.util.logging | Using config path: D:\AlphaNivesh\ANQuant\config/config.yaml, log dir: D:\AlphaNivesh\ANQuant\logs
2025-07-19 19:05:39 | DEBUG | src.anquant.py.util.logging | Creating log directory: D:\AlphaNivesh\ANQuant\logs
2025-07-19 19:05:39 | DEBUG | src.anquant.py.util.logging | Log file path: D:\AlphaNivesh\ANQuant\logs\angelone_2025-07-19.log
2025-07-19 19:08:34 | DEBUG | src.anquant.py.util.logging | Added file handler for D:\AlphaNivesh\ANQuant\logs\kafka_client_2025-07-19.log, handler ID: 5
2025-07-19 19:08:34 | INFO | src.anquant.py.util.logging | Logging initialized for kafka_client (type: messaging, file: D:\AlphaNivesh\ANQuant\logs\kafka_client_2025-07-19.log)
2025-07-19 19:08:35 | DEBUG | src.anquant.py.util.logging | Using config path: D:\AlphaNivesh\ANQuant\config/config.yaml, log dir: D:\AlphaNivesh\ANQuant\logs
2025-07-19 19:08:35 | DEBUG | src.anquant.py.util.logging | Creating log directory: D:\AlphaNivesh\ANQuant\logs
2025-07-19 19:08:35 | DEBUG | src.anquant.py.util.logging | Log file path: D:\AlphaNivesh\ANQuant\logs\angelone_2025-07-19.log
2025-07-19 19:16:03 | DEBUG | src.anquant.py.util.logging | Added file handler for D:\AlphaNivesh\ANQuant\logs\kafka_client_2025-07-19.log, handler ID: 5
2025-07-19 19:16:03 | INFO | src.anquant.py.util.logging | Logging initialized for kafka_client (type: messaging, file: D:\AlphaNivesh\ANQuant\logs\kafka_client_2025-07-19.log)
2025-07-19 19:16:06 | DEBUG | src.anquant.py.util.logging | Using config path: D:\AlphaNivesh\ANQuant\config/config.yaml, log dir: D:\AlphaNivesh\ANQuant\logs
2025-07-19 19:16:06 | DEBUG | src.anquant.py.util.logging | Creating log directory: D:\AlphaNivesh\ANQuant\logs
2025-07-19 19:16:06 | DEBUG | src.anquant.py.util.logging | Log file path: D:\AlphaNivesh\ANQuant\logs\angelone_2025-07-19.log
2025-07-19 19:23:26 | DEBUG | src.anquant.py.util.logging | Added file handler for D:\AlphaNivesh\ANQuant\logs\kafka_client_2025-07-19.log, handler ID: 5
2025-07-19 19:23:26 | INFO | src.anquant.py.util.logging | Logging initialized for kafka_client (type: messaging, file: D:\AlphaNivesh\ANQuant\logs\kafka_client_2025-07-19.log)
2025-07-19 19:23:29 | DEBUG | src.anquant.py.util.logging | Using config path: D:\AlphaNivesh\ANQuant\config/config.yaml, log dir: D:\AlphaNivesh\ANQuant\logs
2025-07-19 19:23:29 | DEBUG | src.anquant.py.util.logging | Creating log directory: D:\AlphaNivesh\ANQuant\logs
2025-07-19 19:23:29 | DEBUG | src.anquant.py.util.logging | Log file path: D:\AlphaNivesh\ANQuant\logs\angelone_2025-07-19.log
2025-07-19 19:42:39 | DEBUG | src.anquant.py.util.logging | Added file handler for D:\AlphaNivesh\ANQuant\logs\kafka_client_2025-07-19.log, handler ID: 5
2025-07-19 19:42:39 | INFO | src.anquant.py.util.logging | Logging initialized for kafka_client (type: messaging, file: D:\AlphaNivesh\ANQuant\logs\kafka_client_2025-07-19.log)
2025-07-19 19:42:42 | DEBUG | src.anquant.py.util.logging | Using config path: D:\AlphaNivesh\ANQuant\config/config.yaml, log dir: D:\AlphaNivesh\ANQuant\logs
2025-07-19 19:42:42 | DEBUG | src.anquant.py.util.logging | Creating log directory: D:\AlphaNivesh\ANQuant\logs
2025-07-19 19:42:42 | DEBUG | src.anquant.py.util.logging | Log file path: D:\AlphaNivesh\ANQuant\logs\angelone_2025-07-19.log
2025-07-19 19:43:48 | DEBUG | src.anquant.py.util.logging | Added file handler for D:\AlphaNivesh\ANQuant\logs\kafka_client_2025-07-19.log, handler ID: 5
2025-07-19 19:43:48 | INFO | src.anquant.py.util.logging | Logging initialized for kafka_client (type: messaging, file: D:\AlphaNivesh\ANQuant\logs\kafka_client_2025-07-19.log)
2025-07-19 19:43:49 | DEBUG | src.anquant.py.util.logging | Using config path: D:\AlphaNivesh\ANQuant\config/config.yaml, log dir: D:\AlphaNivesh\ANQuant\logs
2025-07-19 19:43:49 | DEBUG | src.anquant.py.util.logging | Creating log directory: D:\AlphaNivesh\ANQuant\logs
2025-07-19 19:43:49 | DEBUG | src.anquant.py.util.logging | Log file path: D:\AlphaNivesh\ANQuant\logs\angelone_2025-07-19.log
2025-07-19 19:53:02 | DEBUG | src.anquant.py.util.logging | Added file handler for D:\AlphaNivesh\ANQuant\logs\kafka_client_2025-07-19.log, handler ID: 5
2025-07-19 19:53:02 | INFO | src.anquant.py.util.logging | Logging initialized for kafka_client (type: messaging, file: D:\AlphaNivesh\ANQuant\logs\kafka_client_2025-07-19.log)
2025-07-19 19:53:05 | DEBUG | src.anquant.py.util.logging | Using config path: D:\AlphaNivesh\ANQuant\config/config.yaml, log dir: D:\AlphaNivesh\ANQuant\logs
2025-07-19 19:53:05 | DEBUG | src.anquant.py.util.logging | Creating log directory: D:\AlphaNivesh\ANQuant\logs
2025-07-19 19:53:05 | DEBUG | src.anquant.py.util.logging | Log file path: D:\AlphaNivesh\ANQuant\logs\angelone_2025-07-19.log
2025-07-19 19:59:59 | DEBUG | src.anquant.py.util.logging | Added file handler for D:\AlphaNivesh\ANQuant\logs\kafka_client_2025-07-19.log, handler ID: 5
2025-07-19 19:59:59 | INFO | src.anquant.py.util.logging | Logging initialized for kafka_client (type: messaging, file: D:\AlphaNivesh\ANQuant\logs\kafka_client_2025-07-19.log)
2025-07-19 20:00:01 | DEBUG | src.anquant.py.util.logging | Using config path: D:\AlphaNivesh\ANQuant\config/config.yaml, log dir: D:\AlphaNivesh\ANQuant\logs
2025-07-19 20:00:01 | DEBUG | src.anquant.py.util.logging | Creating log directory: D:\AlphaNivesh\ANQuant\logs
2025-07-19 20:00:01 | DEBUG | src.anquant.py.util.logging | Log file path: D:\AlphaNivesh\ANQuant\logs\angelone_2025-07-19.log
2025-07-19 20:10:09 | DEBUG | src.anquant.py.util.logging | Added file handler for D:\AlphaNivesh\ANQuant\logs\kafka_client_2025-07-19.log, handler ID: 5
2025-07-19 20:10:09 | INFO | src.anquant.py.util.logging | Logging initialized for kafka_client (type: messaging, file: D:\AlphaNivesh\ANQuant\logs\kafka_client_2025-07-19.log)
2025-07-19 20:10:12 | DEBUG | src.anquant.py.util.logging | Using config path: D:\AlphaNivesh\ANQuant\config/config.yaml, log dir: D:\AlphaNivesh\ANQuant\logs
2025-07-19 20:10:12 | DEBUG | src.anquant.py.util.logging | Creating log directory: D:\AlphaNivesh\ANQuant\logs
2025-07-19 20:10:12 | DEBUG | src.anquant.py.util.logging | Log file path: D:\AlphaNivesh\ANQuant\logs\angelone_2025-07-19.log
2025-07-19 20:13:11 | DEBUG | src.anquant.py.util.logging | Added file handler for D:\AlphaNivesh\ANQuant\logs\kafka_client_2025-07-19.log, handler ID: 5
2025-07-19 20:13:11 | INFO | src.anquant.py.util.logging | Logging initialized for kafka_client (type: messaging, file: D:\AlphaNivesh\ANQuant\logs\kafka_client_2025-07-19.log)
2025-07-19 20:13:14 | DEBUG | src.anquant.py.util.logging | Using config path: D:\AlphaNivesh\ANQuant\config/config.yaml, log dir: D:\AlphaNivesh\ANQuant\logs
2025-07-19 20:13:14 | DEBUG | src.anquant.py.util.logging | Creating log directory: D:\AlphaNivesh\ANQuant\logs
2025-07-19 20:13:14 | DEBUG | src.anquant.py.util.logging | Log file path: D:\AlphaNivesh\ANQuant\logs\angelone_2025-07-19.log
2025-07-19 20:18:35 | DEBUG | src.anquant.py.util.logging | Added file handler for D:\AlphaNivesh\ANQuant\logs\kafka_client_2025-07-19.log, handler ID: 5
2025-07-19 20:18:35 | INFO | src.anquant.py.util.logging | Logging initialized for kafka_client (type: messaging, file: D:\AlphaNivesh\ANQuant\logs\kafka_client_2025-07-19.log)
2025-07-19 20:18:37 | DEBUG | src.anquant.py.util.logging | Using config path: D:\AlphaNivesh\ANQuant\config/config.yaml, log dir: D:\AlphaNivesh\ANQuant\logs
2025-07-19 20:18:37 | DEBUG | src.anquant.py.util.logging | Creating log directory: D:\AlphaNivesh\ANQuant\logs
2025-07-19 20:18:37 | DEBUG | src.anquant.py.util.logging | Log file path: D:\AlphaNivesh\ANQuant\logs\angelone_2025-07-19.log
2025-07-19 22:56:15 | DEBUG | src.anquant.py.util.logging | Added file handler for D:\AlphaNivesh\ANQuant\logs\kafka_client_2025-07-19.log, handler ID: 5
2025-07-19 22:56:15 | INFO | src.anquant.py.util.logging | Logging initialized for kafka_client (type: messaging, file: D:\AlphaNivesh\ANQuant\logs\kafka_client_2025-07-19.log)
2025-07-19 22:56:17 | DEBUG | src.anquant.py.util.logging | Using config path: D:\AlphaNivesh\ANQuant\config/config.yaml, log dir: D:\AlphaNivesh\ANQuant\logs
2025-07-19 22:56:17 | DEBUG | src.anquant.py.util.logging | Creating log directory: D:\AlphaNivesh\ANQuant\logs
2025-07-19 22:56:17 | DEBUG | src.anquant.py.util.logging | Log file path: D:\AlphaNivesh\ANQuant\logs\angelone_2025-07-19.log
2025-07-19 22:58:39 | DEBUG | src.anquant.py.util.logging | Added file handler for D:\AlphaNivesh\ANQuant\logs\kafka_client_2025-07-19.log, handler ID: 5
2025-07-19 22:58:39 | INFO | src.anquant.py.util.logging | Logging initialized for kafka_client (type: messaging, file: D:\AlphaNivesh\ANQuant\logs\kafka_client_2025-07-19.log)
2025-07-19 22:58:41 | DEBUG | src.anquant.py.util.logging | Using config path: D:\AlphaNivesh\ANQuant\config/config.yaml, log dir: D:\AlphaNivesh\ANQuant\logs
2025-07-19 22:58:41 | DEBUG | src.anquant.py.util.logging | Creating log directory: D:\AlphaNivesh\ANQuant\logs
2025-07-19 22:58:41 | DEBUG | src.anquant.py.util.logging | Log file path: D:\AlphaNivesh\ANQuant\logs\angelone_2025-07-19.log
2025-07-19 23:18:29 | DEBUG | src.anquant.py.util.logging | Added file handler for D:\AlphaNivesh\ANQuant\logs\kafka_client_2025-07-19.log, handler ID: 5
2025-07-19 23:18:29 | INFO | src.anquant.py.util.logging | Logging initialized for kafka_client (type: messaging, file: D:\AlphaNivesh\ANQuant\logs\kafka_client_2025-07-19.log)
2025-07-19 23:18:33 | DEBUG | src.anquant.py.util.logging | Using config path: D:\AlphaNivesh\ANQuant\config/config.yaml, log dir: D:\AlphaNivesh\ANQuant\logs
2025-07-19 23:18:33 | DEBUG | src.anquant.py.util.logging | Creating log directory: D:\AlphaNivesh\ANQuant\logs
2025-07-19 23:18:33 | DEBUG | src.anquant.py.util.logging | Log file path: D:\AlphaNivesh\ANQuant\logs\angelone_2025-07-19.log
2025-07-19 23:24:05 | DEBUG | src.anquant.py.util.logging | Added file handler for D:\AlphaNivesh\ANQuant\logs\kafka_client_2025-07-19.log, handler ID: 5
2025-07-19 23:24:05 | INFO | src.anquant.py.util.logging | Logging initialized for kafka_client (type: messaging, file: D:\AlphaNivesh\ANQuant\logs\kafka_client_2025-07-19.log)
2025-07-19 23:24:07 | DEBUG | src.anquant.py.util.logging | Using config path: D:\AlphaNivesh\ANQuant\config/config.yaml, log dir: D:\AlphaNivesh\ANQuant\logs
2025-07-19 23:24:07 | DEBUG | src.anquant.py.util.logging | Creating log directory: D:\AlphaNivesh\ANQuant\logs
2025-07-19 23:24:07 | DEBUG | src.anquant.py.util.logging | Log file path: D:\AlphaNivesh\ANQuant\logs\angelone_2025-07-19.log
2025-07-19 23:24:46 | DEBUG | src.anquant.py.util.logging | Added file handler for D:\AlphaNivesh\ANQuant\logs\kafka_client_2025-07-19.log, handler ID: 5
2025-07-19 23:24:46 | INFO | src.anquant.py.util.logging | Logging initialized for kafka_client (type: messaging, file: D:\AlphaNivesh\ANQuant\logs\kafka_client_2025-07-19.log)
2025-07-19 23:24:47 | DEBUG | src.anquant.py.util.logging | Using config path: D:\AlphaNivesh\ANQuant\config/config.yaml, log dir: D:\AlphaNivesh\ANQuant\logs
2025-07-19 23:24:47 | DEBUG | src.anquant.py.util.logging | Creating log directory: D:\AlphaNivesh\ANQuant\logs
2025-07-19 23:24:47 | DEBUG | src.anquant.py.util.logging | Log file path: D:\AlphaNivesh\ANQuant\logs\angelone_2025-07-19.log
2025-07-19 23:26:48 | DEBUG | src.anquant.py.util.logging | Added file handler for D:\AlphaNivesh\ANQuant\logs\kafka_client_2025-07-19.log, handler ID: 5
2025-07-19 23:26:48 | INFO | src.anquant.py.util.logging | Logging initialized for kafka_client (type: messaging, file: D:\AlphaNivesh\ANQuant\logs\kafka_client_2025-07-19.log)
2025-07-19 23:26:49 | DEBUG | src.anquant.py.util.logging | Using config path: D:\AlphaNivesh\ANQuant\config/config.yaml, log dir: D:\AlphaNivesh\ANQuant\logs
2025-07-19 23:26:49 | DEBUG | src.anquant.py.util.logging | Creating log directory: D:\AlphaNivesh\ANQuant\logs
2025-07-19 23:26:49 | DEBUG | src.anquant.py.util.logging | Log file path: D:\AlphaNivesh\ANQuant\logs\angelone_2025-07-19.log
2025-07-19 23:32:37 | DEBUG | src.anquant.py.util.logging | Added file handler for D:\AlphaNivesh\ANQuant\logs\kafka_client_2025-07-19.log, handler ID: 5
2025-07-19 23:32:37 | INFO | src.anquant.py.util.logging | Logging initialized for kafka_client (type: messaging, file: D:\AlphaNivesh\ANQuant\logs\kafka_client_2025-07-19.log)
2025-07-19 23:32:39 | DEBUG | src.anquant.py.util.logging | Using config path: D:\AlphaNivesh\ANQuant\config/config.yaml, log dir: D:\AlphaNivesh\ANQuant\logs
2025-07-19 23:32:39 | DEBUG | src.anquant.py.util.logging | Creating log directory: D:\AlphaNivesh\ANQuant\logs
2025-07-19 23:32:39 | DEBUG | src.anquant.py.util.logging | Log file path: D:\AlphaNivesh\ANQuant\logs\angelone_2025-07-19.log
2025-07-19 23:47:25 | DEBUG | src.anquant.py.util.logging | Added file handler for D:\AlphaNivesh\ANQuant\logs\kafka_client_2025-07-19.log, handler ID: 5
2025-07-19 23:47:25 | INFO | src.anquant.py.util.logging | Logging initialized for kafka_client (type: messaging, file: D:\AlphaNivesh\ANQuant\logs\kafka_client_2025-07-19.log)
2025-07-19 23:47:28 | DEBUG | src.anquant.py.util.logging | Using config path: D:\AlphaNivesh\ANQuant\config/config.yaml, log dir: D:\AlphaNivesh\ANQuant\logs
2025-07-19 23:47:28 | DEBUG | src.anquant.py.util.logging | Creating log directory: D:\AlphaNivesh\ANQuant\logs
2025-07-19 23:47:28 | DEBUG | src.anquant.py.util.logging | Log file path: D:\AlphaNivesh\ANQuant\logs\angelone_2025-07-19.log
2025-07-19 23:50:32 | DEBUG | src.anquant.py.util.logging | Added file handler for D:\AlphaNivesh\ANQuant\logs\kafka_client_2025-07-19.log, handler ID: 5
2025-07-19 23:50:32 | INFO | src.anquant.py.util.logging | Logging initialized for kafka_client (type: messaging, file: D:\AlphaNivesh\ANQuant\logs\kafka_client_2025-07-19.log)
2025-07-19 23:50:34 | DEBUG | src.anquant.py.util.logging | Using config path: D:\AlphaNivesh\ANQuant\config/config.yaml, log dir: D:\AlphaNivesh\ANQuant\logs
2025-07-19 23:50:34 | DEBUG | src.anquant.py.util.logging | Creating log directory: D:\AlphaNivesh\ANQuant\logs
2025-07-19 23:50:34 | DEBUG | src.anquant.py.util.logging | Log file path: D:\AlphaNivesh\ANQuant\logs\angelone_2025-07-19.log
