2025-07-17 08:38:28 | DEBUG | src.anquant.py.util.logging | Added file handler for D:\AlphaNivesh\ANQuant\logs\redis_client_2025-07-17.log, handler ID: 3
2025-07-17 08:38:28 | INFO | src.anquant.py.util.logging | Logging initialized for redis_client (type: messaging, file: D:\AlphaNivesh\ANQuant\logs\redis_client_2025-07-17.log)
2025-07-17 08:38:30 | DEBUG | src.anquant.py.util.logging | Using config path: D:\AlphaNivesh\ANQuant\config/config.yaml, log dir: D:\AlphaNivesh\ANQuant\logs
2025-07-17 08:38:30 | DEBUG | src.anquant.py.util.logging | Creating log directory: D:\AlphaNivesh\ANQuant\logs
2025-07-17 08:38:30 | DEBUG | src.anquant.py.util.logging | Log file path: D:\AlphaNivesh\ANQuant\logs\database_2025-07-17.log
2025-07-17 08:38:34 | DEBUG | src.anquant.py.util.logging | Added file handler for D:\AlphaNivesh\ANQuant\logs\redis_client_2025-07-17.log, handler ID: 15
2025-07-17 08:38:34 | INFO | src.anquant.py.util.logging | Logging initialized for redis_client (type: messaging, file: D:\AlphaNivesh\ANQuant\logs\redis_client_2025-07-17.log)
2025-07-17 08:38:34 | DEBUG | src.anquant.py.util.logging | Using config path: D:\AlphaNivesh\ANQuant\config/config.yaml, log dir: D:\AlphaNivesh\ANQuant\logs
2025-07-17 08:38:34 | DEBUG | src.anquant.py.util.logging | Creating log directory: D:\AlphaNivesh\ANQuant\logs
2025-07-17 08:38:34 | DEBUG | src.anquant.py.util.logging | Log file path: D:\AlphaNivesh\ANQuant\logs\portfolio_manager_2025-07-17.log
2025-07-17 08:41:22 | DEBUG | src.anquant.py.util.logging | Added file handler for D:\AlphaNivesh\ANQuant\logs\redis_client_2025-07-17.log, handler ID: 3
2025-07-17 08:41:22 | INFO | src.anquant.py.util.logging | Logging initialized for redis_client (type: messaging, file: D:\AlphaNivesh\ANQuant\logs\redis_client_2025-07-17.log)
2025-07-17 08:41:24 | DEBUG | src.anquant.py.util.logging | Using config path: D:\AlphaNivesh\ANQuant\config/config.yaml, log dir: D:\AlphaNivesh\ANQuant\logs
2025-07-17 08:41:24 | DEBUG | src.anquant.py.util.logging | Creating log directory: D:\AlphaNivesh\ANQuant\logs
2025-07-17 08:41:24 | DEBUG | src.anquant.py.util.logging | Log file path: D:\AlphaNivesh\ANQuant\logs\database_2025-07-17.log
2025-07-17 08:41:26 | DEBUG | src.anquant.py.util.logging | Added file handler for D:\AlphaNivesh\ANQuant\logs\redis_client_2025-07-17.log, handler ID: 15
2025-07-17 08:41:26 | INFO | src.anquant.py.util.logging | Logging initialized for redis_client (type: messaging, file: D:\AlphaNivesh\ANQuant\logs\redis_client_2025-07-17.log)
2025-07-17 08:41:26 | DEBUG | src.anquant.py.util.logging | Using config path: D:\AlphaNivesh\ANQuant\config/config.yaml, log dir: D:\AlphaNivesh\ANQuant\logs
2025-07-17 08:41:26 | DEBUG | src.anquant.py.util.logging | Creating log directory: D:\AlphaNivesh\ANQuant\logs
2025-07-17 08:41:26 | DEBUG | src.anquant.py.util.logging | Log file path: D:\AlphaNivesh\ANQuant\logs\portfolio_manager_2025-07-17.log
2025-07-17 08:42:27 | DEBUG | src.anquant.py.util.logging | Added file handler for D:\AlphaNivesh\ANQuant\logs\redis_client_2025-07-17.log, handler ID: 3
2025-07-17 08:42:27 | INFO | src.anquant.py.util.logging | Logging initialized for redis_client (type: messaging, file: D:\AlphaNivesh\ANQuant\logs\redis_client_2025-07-17.log)
2025-07-17 08:42:30 | DEBUG | src.anquant.py.util.logging | Using config path: D:\AlphaNivesh\ANQuant\config/config.yaml, log dir: D:\AlphaNivesh\ANQuant\logs
2025-07-17 08:42:30 | DEBUG | src.anquant.py.util.logging | Creating log directory: D:\AlphaNivesh\ANQuant\logs
2025-07-17 08:42:30 | DEBUG | src.anquant.py.util.logging | Log file path: D:\AlphaNivesh\ANQuant\logs\database_2025-07-17.log
2025-07-17 08:42:32 | DEBUG | src.anquant.py.util.logging | Added file handler for D:\AlphaNivesh\ANQuant\logs\redis_client_2025-07-17.log, handler ID: 15
2025-07-17 08:42:32 | INFO | src.anquant.py.util.logging | Logging initialized for redis_client (type: messaging, file: D:\AlphaNivesh\ANQuant\logs\redis_client_2025-07-17.log)
2025-07-17 08:42:32 | DEBUG | src.anquant.py.util.logging | Using config path: D:\AlphaNivesh\ANQuant\config/config.yaml, log dir: D:\AlphaNivesh\ANQuant\logs
2025-07-17 08:42:32 | DEBUG | src.anquant.py.util.logging | Creating log directory: D:\AlphaNivesh\ANQuant\logs
2025-07-17 08:42:32 | DEBUG | src.anquant.py.util.logging | Log file path: D:\AlphaNivesh\ANQuant\logs\portfolio_manager_2025-07-17.log
2025-07-17 08:52:35 | DEBUG | src.anquant.py.util.logging | Added file handler for D:\AlphaNivesh\ANQuant\logs\redis_client_2025-07-17.log, handler ID: 3
2025-07-17 08:52:35 | INFO | src.anquant.py.util.logging | Logging initialized for redis_client (type: messaging, file: D:\AlphaNivesh\ANQuant\logs\redis_client_2025-07-17.log)
2025-07-17 08:52:37 | DEBUG | src.anquant.py.util.logging | Using config path: D:\AlphaNivesh\ANQuant\config/config.yaml, log dir: D:\AlphaNivesh\ANQuant\logs
2025-07-17 08:52:37 | DEBUG | src.anquant.py.util.logging | Creating log directory: D:\AlphaNivesh\ANQuant\logs
2025-07-17 08:52:37 | DEBUG | src.anquant.py.util.logging | Log file path: D:\AlphaNivesh\ANQuant\logs\database_2025-07-17.log
2025-07-17 08:52:38 | DEBUG | src.anquant.py.util.logging | Added file handler for D:\AlphaNivesh\ANQuant\logs\redis_client_2025-07-17.log, handler ID: 15
2025-07-17 08:52:38 | INFO | src.anquant.py.util.logging | Logging initialized for redis_client (type: messaging, file: D:\AlphaNivesh\ANQuant\logs\redis_client_2025-07-17.log)
2025-07-17 08:52:38 | DEBUG | src.anquant.py.util.logging | Using config path: D:\AlphaNivesh\ANQuant\config/config.yaml, log dir: D:\AlphaNivesh\ANQuant\logs
2025-07-17 08:52:38 | DEBUG | src.anquant.py.util.logging | Creating log directory: D:\AlphaNivesh\ANQuant\logs
2025-07-17 08:52:38 | DEBUG | src.anquant.py.util.logging | Log file path: D:\AlphaNivesh\ANQuant\logs\portfolio_manager_2025-07-17.log
2025-07-17 08:55:42 | DEBUG | src.anquant.py.util.logging | Added file handler for D:\AlphaNivesh\ANQuant\logs\redis_client_2025-07-17.log, handler ID: 3
2025-07-17 08:55:42 | INFO | src.anquant.py.util.logging | Logging initialized for redis_client (type: messaging, file: D:\AlphaNivesh\ANQuant\logs\redis_client_2025-07-17.log)
2025-07-17 08:55:43 | DEBUG | src.anquant.py.util.logging | Using config path: D:\AlphaNivesh\ANQuant\config/config.yaml, log dir: D:\AlphaNivesh\ANQuant\logs
2025-07-17 08:55:43 | DEBUG | src.anquant.py.util.logging | Creating log directory: D:\AlphaNivesh\ANQuant\logs
2025-07-17 08:55:43 | DEBUG | src.anquant.py.util.logging | Log file path: D:\AlphaNivesh\ANQuant\logs\database_2025-07-17.log
2025-07-17 08:55:46 | DEBUG | src.anquant.py.util.logging | Added file handler for D:\AlphaNivesh\ANQuant\logs\redis_client_2025-07-17.log, handler ID: 15
2025-07-17 08:55:46 | INFO | src.anquant.py.util.logging | Logging initialized for redis_client (type: messaging, file: D:\AlphaNivesh\ANQuant\logs\redis_client_2025-07-17.log)
2025-07-17 08:55:46 | DEBUG | src.anquant.py.util.logging | Using config path: D:\AlphaNivesh\ANQuant\config/config.yaml, log dir: D:\AlphaNivesh\ANQuant\logs
2025-07-17 08:55:46 | DEBUG | src.anquant.py.util.logging | Creating log directory: D:\AlphaNivesh\ANQuant\logs
2025-07-17 08:55:46 | DEBUG | src.anquant.py.util.logging | Log file path: D:\AlphaNivesh\ANQuant\logs\portfolio_manager_2025-07-17.log
2025-07-17 09:03:14 | DEBUG | src.anquant.py.util.logging | Added file handler for D:\AlphaNivesh\ANQuant\logs\redis_client_2025-07-17.log, handler ID: 3
2025-07-17 09:03:14 | INFO | src.anquant.py.util.logging | Logging initialized for redis_client (type: messaging, file: D:\AlphaNivesh\ANQuant\logs\redis_client_2025-07-17.log)
2025-07-17 09:03:15 | DEBUG | src.anquant.py.util.logging | Using config path: D:\AlphaNivesh\ANQuant\config/config.yaml, log dir: D:\AlphaNivesh\ANQuant\logs
2025-07-17 09:03:15 | DEBUG | src.anquant.py.util.logging | Creating log directory: D:\AlphaNivesh\ANQuant\logs
2025-07-17 09:03:15 | DEBUG | src.anquant.py.util.logging | Log file path: D:\AlphaNivesh\ANQuant\logs\database_2025-07-17.log
2025-07-17 09:03:18 | DEBUG | src.anquant.py.util.logging | Added file handler for D:\AlphaNivesh\ANQuant\logs\redis_client_2025-07-17.log, handler ID: 15
2025-07-17 09:03:18 | INFO | src.anquant.py.util.logging | Logging initialized for redis_client (type: messaging, file: D:\AlphaNivesh\ANQuant\logs\redis_client_2025-07-17.log)
2025-07-17 09:03:18 | DEBUG | src.anquant.py.util.logging | Using config path: D:\AlphaNivesh\ANQuant\config/config.yaml, log dir: D:\AlphaNivesh\ANQuant\logs
2025-07-17 09:03:18 | DEBUG | src.anquant.py.util.logging | Creating log directory: D:\AlphaNivesh\ANQuant\logs
2025-07-17 09:03:18 | DEBUG | src.anquant.py.util.logging | Log file path: D:\AlphaNivesh\ANQuant\logs\portfolio_manager_2025-07-17.log
2025-07-17 09:05:01 | DEBUG | src.anquant.py.util.logging | Added file handler for D:\AlphaNivesh\ANQuant\logs\redis_client_2025-07-17.log, handler ID: 3
2025-07-17 09:05:01 | INFO | src.anquant.py.util.logging | Logging initialized for redis_client (type: messaging, file: D:\AlphaNivesh\ANQuant\logs\redis_client_2025-07-17.log)
2025-07-17 09:05:02 | DEBUG | src.anquant.py.util.logging | Using config path: D:\AlphaNivesh\ANQuant\config/config.yaml, log dir: D:\AlphaNivesh\ANQuant\logs
2025-07-17 09:05:02 | DEBUG | src.anquant.py.util.logging | Creating log directory: D:\AlphaNivesh\ANQuant\logs
2025-07-17 09:05:02 | DEBUG | src.anquant.py.util.logging | Log file path: D:\AlphaNivesh\ANQuant\logs\database_2025-07-17.log
2025-07-17 09:05:03 | DEBUG | src.anquant.py.util.logging | Added file handler for D:\AlphaNivesh\ANQuant\logs\redis_client_2025-07-17.log, handler ID: 15
2025-07-17 09:05:03 | INFO | src.anquant.py.util.logging | Logging initialized for redis_client (type: messaging, file: D:\AlphaNivesh\ANQuant\logs\redis_client_2025-07-17.log)
2025-07-17 09:05:03 | DEBUG | src.anquant.py.util.logging | Using config path: D:\AlphaNivesh\ANQuant\config/config.yaml, log dir: D:\AlphaNivesh\ANQuant\logs
2025-07-17 09:05:03 | DEBUG | src.anquant.py.util.logging | Creating log directory: D:\AlphaNivesh\ANQuant\logs
2025-07-17 09:05:03 | DEBUG | src.anquant.py.util.logging | Log file path: D:\AlphaNivesh\ANQuant\logs\portfolio_manager_2025-07-17.log
2025-07-17 09:22:01 | DEBUG | src.anquant.py.util.logging | Added file handler for D:\AlphaNivesh\ANQuant\logs\redis_client_2025-07-17.log, handler ID: 3
2025-07-17 09:22:01 | INFO | src.anquant.py.util.logging | Logging initialized for redis_client (type: messaging, file: D:\AlphaNivesh\ANQuant\logs\redis_client_2025-07-17.log)
2025-07-17 09:22:02 | DEBUG | src.anquant.py.util.logging | Using config path: D:\AlphaNivesh\ANQuant\config/config.yaml, log dir: D:\AlphaNivesh\ANQuant\logs
2025-07-17 09:22:02 | DEBUG | src.anquant.py.util.logging | Creating log directory: D:\AlphaNivesh\ANQuant\logs
2025-07-17 09:22:02 | DEBUG | src.anquant.py.util.logging | Log file path: D:\AlphaNivesh\ANQuant\logs\database_2025-07-17.log
2025-07-17 09:22:04 | DEBUG | src.anquant.py.util.logging | Added file handler for D:\AlphaNivesh\ANQuant\logs\redis_client_2025-07-17.log, handler ID: 15
2025-07-17 09:22:04 | INFO | src.anquant.py.util.logging | Logging initialized for redis_client (type: messaging, file: D:\AlphaNivesh\ANQuant\logs\redis_client_2025-07-17.log)
2025-07-17 09:22:04 | DEBUG | src.anquant.py.util.logging | Using config path: D:\AlphaNivesh\ANQuant\config/config.yaml, log dir: D:\AlphaNivesh\ANQuant\logs
2025-07-17 09:22:04 | DEBUG | src.anquant.py.util.logging | Creating log directory: D:\AlphaNivesh\ANQuant\logs
2025-07-17 09:22:04 | DEBUG | src.anquant.py.util.logging | Log file path: D:\AlphaNivesh\ANQuant\logs\portfolio_manager_2025-07-17.log
2025-07-17 09:25:46 | DEBUG | src.anquant.py.util.logging | Added file handler for D:\AlphaNivesh\ANQuant\logs\redis_client_2025-07-17.log, handler ID: 3
2025-07-17 09:25:46 | INFO | src.anquant.py.util.logging | Logging initialized for redis_client (type: messaging, file: D:\AlphaNivesh\ANQuant\logs\redis_client_2025-07-17.log)
2025-07-17 09:25:48 | DEBUG | src.anquant.py.util.logging | Using config path: D:\AlphaNivesh\ANQuant\config/config.yaml, log dir: D:\AlphaNivesh\ANQuant\logs
2025-07-17 09:25:48 | DEBUG | src.anquant.py.util.logging | Creating log directory: D:\AlphaNivesh\ANQuant\logs
2025-07-17 09:25:48 | DEBUG | src.anquant.py.util.logging | Log file path: D:\AlphaNivesh\ANQuant\logs\database_2025-07-17.log
2025-07-17 09:25:49 | DEBUG | src.anquant.py.util.logging | Added file handler for D:\AlphaNivesh\ANQuant\logs\redis_client_2025-07-17.log, handler ID: 15
2025-07-17 09:25:49 | INFO | src.anquant.py.util.logging | Logging initialized for redis_client (type: messaging, file: D:\AlphaNivesh\ANQuant\logs\redis_client_2025-07-17.log)
2025-07-17 09:25:49 | DEBUG | src.anquant.py.util.logging | Using config path: D:\AlphaNivesh\ANQuant\config/config.yaml, log dir: D:\AlphaNivesh\ANQuant\logs
2025-07-17 09:25:49 | DEBUG | src.anquant.py.util.logging | Creating log directory: D:\AlphaNivesh\ANQuant\logs
2025-07-17 09:25:49 | DEBUG | src.anquant.py.util.logging | Log file path: D:\AlphaNivesh\ANQuant\logs\portfolio_manager_2025-07-17.log
2025-07-17 09:51:56 | DEBUG | src.anquant.py.util.logging | Added file handler for D:\AlphaNivesh\ANQuant\logs\redis_client_2025-07-17.log, handler ID: 3
2025-07-17 09:51:56 | INFO | src.anquant.py.util.logging | Logging initialized for redis_client (type: messaging, file: D:\AlphaNivesh\ANQuant\logs\redis_client_2025-07-17.log)
2025-07-17 09:51:58 | DEBUG | src.anquant.py.util.logging | Using config path: D:\AlphaNivesh\ANQuant\config/config.yaml, log dir: D:\AlphaNivesh\ANQuant\logs
2025-07-17 09:51:58 | DEBUG | src.anquant.py.util.logging | Creating log directory: D:\AlphaNivesh\ANQuant\logs
2025-07-17 09:51:58 | DEBUG | src.anquant.py.util.logging | Log file path: D:\AlphaNivesh\ANQuant\logs\database_2025-07-17.log
2025-07-17 09:52:00 | DEBUG | src.anquant.py.util.logging | Added file handler for D:\AlphaNivesh\ANQuant\logs\redis_client_2025-07-17.log, handler ID: 15
2025-07-17 09:52:00 | INFO | src.anquant.py.util.logging | Logging initialized for redis_client (type: messaging, file: D:\AlphaNivesh\ANQuant\logs\redis_client_2025-07-17.log)
2025-07-17 09:52:00 | DEBUG | src.anquant.py.util.logging | Using config path: D:\AlphaNivesh\ANQuant\config/config.yaml, log dir: D:\AlphaNivesh\ANQuant\logs
2025-07-17 09:52:00 | DEBUG | src.anquant.py.util.logging | Creating log directory: D:\AlphaNivesh\ANQuant\logs
2025-07-17 09:52:00 | DEBUG | src.anquant.py.util.logging | Log file path: D:\AlphaNivesh\ANQuant\logs\portfolio_manager_2025-07-17.log
2025-07-17 09:52:50 | DEBUG | src.anquant.py.util.logging | Added file handler for D:\AlphaNivesh\ANQuant\logs\redis_client_2025-07-17.log, handler ID: 3
2025-07-17 09:52:50 | INFO | src.anquant.py.util.logging | Logging initialized for redis_client (type: messaging, file: D:\AlphaNivesh\ANQuant\logs\redis_client_2025-07-17.log)
2025-07-17 09:52:51 | DEBUG | src.anquant.py.util.logging | Using config path: D:\AlphaNivesh\ANQuant\config/config.yaml, log dir: D:\AlphaNivesh\ANQuant\logs
2025-07-17 09:52:51 | DEBUG | src.anquant.py.util.logging | Creating log directory: D:\AlphaNivesh\ANQuant\logs
2025-07-17 09:52:51 | DEBUG | src.anquant.py.util.logging | Log file path: D:\AlphaNivesh\ANQuant\logs\database_2025-07-17.log
2025-07-17 09:52:53 | DEBUG | src.anquant.py.util.logging | Added file handler for D:\AlphaNivesh\ANQuant\logs\redis_client_2025-07-17.log, handler ID: 15
2025-07-17 09:52:53 | INFO | src.anquant.py.util.logging | Logging initialized for redis_client (type: messaging, file: D:\AlphaNivesh\ANQuant\logs\redis_client_2025-07-17.log)
2025-07-17 09:52:53 | DEBUG | src.anquant.py.util.logging | Using config path: D:\AlphaNivesh\ANQuant\config/config.yaml, log dir: D:\AlphaNivesh\ANQuant\logs
2025-07-17 09:52:53 | DEBUG | src.anquant.py.util.logging | Creating log directory: D:\AlphaNivesh\ANQuant\logs
2025-07-17 09:52:53 | DEBUG | src.anquant.py.util.logging | Log file path: D:\AlphaNivesh\ANQuant\logs\portfolio_manager_2025-07-17.log
2025-07-17 09:55:33 | DEBUG | src.anquant.py.util.logging | Added file handler for D:\AlphaNivesh\ANQuant\logs\redis_client_2025-07-17.log, handler ID: 3
2025-07-17 09:55:33 | INFO | src.anquant.py.util.logging | Logging initialized for redis_client (type: messaging, file: D:\AlphaNivesh\ANQuant\logs\redis_client_2025-07-17.log)
2025-07-17 09:55:35 | DEBUG | src.anquant.py.util.logging | Using config path: D:\AlphaNivesh\ANQuant\config/config.yaml, log dir: D:\AlphaNivesh\ANQuant\logs
2025-07-17 09:55:35 | DEBUG | src.anquant.py.util.logging | Creating log directory: D:\AlphaNivesh\ANQuant\logs
2025-07-17 09:55:35 | DEBUG | src.anquant.py.util.logging | Log file path: D:\AlphaNivesh\ANQuant\logs\database_2025-07-17.log
2025-07-17 09:55:38 | DEBUG | src.anquant.py.util.logging | Added file handler for D:\AlphaNivesh\ANQuant\logs\redis_client_2025-07-17.log, handler ID: 15
2025-07-17 09:55:38 | INFO | src.anquant.py.util.logging | Logging initialized for redis_client (type: messaging, file: D:\AlphaNivesh\ANQuant\logs\redis_client_2025-07-17.log)
2025-07-17 09:55:38 | DEBUG | src.anquant.py.util.logging | Using config path: D:\AlphaNivesh\ANQuant\config/config.yaml, log dir: D:\AlphaNivesh\ANQuant\logs
2025-07-17 09:55:38 | DEBUG | src.anquant.py.util.logging | Creating log directory: D:\AlphaNivesh\ANQuant\logs
2025-07-17 09:55:38 | DEBUG | src.anquant.py.util.logging | Log file path: D:\AlphaNivesh\ANQuant\logs\portfolio_manager_2025-07-17.log
2025-07-17 10:03:15 | DEBUG | src.anquant.py.util.logging | Added file handler for D:\AlphaNivesh\ANQuant\logs\redis_client_2025-07-17.log, handler ID: 3
2025-07-17 10:03:15 | INFO | src.anquant.py.util.logging | Logging initialized for redis_client (type: messaging, file: D:\AlphaNivesh\ANQuant\logs\redis_client_2025-07-17.log)
2025-07-17 10:03:17 | DEBUG | src.anquant.py.util.logging | Using config path: D:\AlphaNivesh\ANQuant\config/config.yaml, log dir: D:\AlphaNivesh\ANQuant\logs
2025-07-17 10:03:17 | DEBUG | src.anquant.py.util.logging | Creating log directory: D:\AlphaNivesh\ANQuant\logs
2025-07-17 10:03:17 | DEBUG | src.anquant.py.util.logging | Log file path: D:\AlphaNivesh\ANQuant\logs\database_2025-07-17.log
2025-07-17 10:03:22 | DEBUG | src.anquant.py.util.logging | Added file handler for D:\AlphaNivesh\ANQuant\logs\redis_client_2025-07-17.log, handler ID: 15
2025-07-17 10:03:22 | INFO | src.anquant.py.util.logging | Logging initialized for redis_client (type: messaging, file: D:\AlphaNivesh\ANQuant\logs\redis_client_2025-07-17.log)
2025-07-17 10:03:22 | DEBUG | src.anquant.py.util.logging | Using config path: D:\AlphaNivesh\ANQuant\config/config.yaml, log dir: D:\AlphaNivesh\ANQuant\logs
2025-07-17 10:03:22 | DEBUG | src.anquant.py.util.logging | Creating log directory: D:\AlphaNivesh\ANQuant\logs
2025-07-17 10:03:22 | DEBUG | src.anquant.py.util.logging | Log file path: D:\AlphaNivesh\ANQuant\logs\portfolio_manager_2025-07-17.log
2025-07-17 10:05:25 | DEBUG | src.anquant.py.util.logging | Added file handler for D:\AlphaNivesh\ANQuant\logs\redis_client_2025-07-17.log, handler ID: 3
2025-07-17 10:05:25 | INFO | src.anquant.py.util.logging | Logging initialized for redis_client (type: messaging, file: D:\AlphaNivesh\ANQuant\logs\redis_client_2025-07-17.log)
2025-07-17 10:05:27 | DEBUG | src.anquant.py.util.logging | Using config path: D:\AlphaNivesh\ANQuant\config/config.yaml, log dir: D:\AlphaNivesh\ANQuant\logs
2025-07-17 10:05:27 | DEBUG | src.anquant.py.util.logging | Creating log directory: D:\AlphaNivesh\ANQuant\logs
2025-07-17 10:05:27 | DEBUG | src.anquant.py.util.logging | Log file path: D:\AlphaNivesh\ANQuant\logs\database_2025-07-17.log
2025-07-17 10:05:30 | DEBUG | src.anquant.py.util.logging | Added file handler for D:\AlphaNivesh\ANQuant\logs\redis_client_2025-07-17.log, handler ID: 15
2025-07-17 10:05:30 | INFO | src.anquant.py.util.logging | Logging initialized for redis_client (type: messaging, file: D:\AlphaNivesh\ANQuant\logs\redis_client_2025-07-17.log)
2025-07-17 10:05:30 | DEBUG | src.anquant.py.util.logging | Using config path: D:\AlphaNivesh\ANQuant\config/config.yaml, log dir: D:\AlphaNivesh\ANQuant\logs
2025-07-17 10:05:30 | DEBUG | src.anquant.py.util.logging | Creating log directory: D:\AlphaNivesh\ANQuant\logs
2025-07-17 10:05:30 | DEBUG | src.anquant.py.util.logging | Log file path: D:\AlphaNivesh\ANQuant\logs\portfolio_manager_2025-07-17.log
2025-07-17 10:07:33 | DEBUG | src.anquant.py.util.logging | Added file handler for D:\AlphaNivesh\ANQuant\logs\redis_client_2025-07-17.log, handler ID: 3
2025-07-17 10:07:33 | INFO | src.anquant.py.util.logging | Logging initialized for redis_client (type: messaging, file: D:\AlphaNivesh\ANQuant\logs\redis_client_2025-07-17.log)
2025-07-17 10:07:34 | DEBUG | src.anquant.py.util.logging | Using config path: D:\AlphaNivesh\ANQuant\config/config.yaml, log dir: D:\AlphaNivesh\ANQuant\logs
2025-07-17 10:07:34 | DEBUG | src.anquant.py.util.logging | Creating log directory: D:\AlphaNivesh\ANQuant\logs
2025-07-17 10:07:34 | DEBUG | src.anquant.py.util.logging | Log file path: D:\AlphaNivesh\ANQuant\logs\database_2025-07-17.log
2025-07-17 10:07:37 | DEBUG | src.anquant.py.util.logging | Added file handler for D:\AlphaNivesh\ANQuant\logs\redis_client_2025-07-17.log, handler ID: 15
2025-07-17 10:07:37 | INFO | src.anquant.py.util.logging | Logging initialized for redis_client (type: messaging, file: D:\AlphaNivesh\ANQuant\logs\redis_client_2025-07-17.log)
2025-07-17 10:07:37 | DEBUG | src.anquant.py.util.logging | Using config path: D:\AlphaNivesh\ANQuant\config/config.yaml, log dir: D:\AlphaNivesh\ANQuant\logs
2025-07-17 10:07:37 | DEBUG | src.anquant.py.util.logging | Creating log directory: D:\AlphaNivesh\ANQuant\logs
2025-07-17 10:07:37 | DEBUG | src.anquant.py.util.logging | Log file path: D:\AlphaNivesh\ANQuant\logs\portfolio_manager_2025-07-17.log
2025-07-17 10:11:40 | DEBUG | src.anquant.py.util.logging | Added file handler for D:\AlphaNivesh\ANQuant\logs\redis_client_2025-07-17.log, handler ID: 3
2025-07-17 10:11:40 | INFO | src.anquant.py.util.logging | Logging initialized for redis_client (type: messaging, file: D:\AlphaNivesh\ANQuant\logs\redis_client_2025-07-17.log)
2025-07-17 10:11:42 | DEBUG | src.anquant.py.util.logging | Using config path: D:\AlphaNivesh\ANQuant\config/config.yaml, log dir: D:\AlphaNivesh\ANQuant\logs
2025-07-17 10:11:42 | DEBUG | src.anquant.py.util.logging | Creating log directory: D:\AlphaNivesh\ANQuant\logs
2025-07-17 10:11:42 | DEBUG | src.anquant.py.util.logging | Log file path: D:\AlphaNivesh\ANQuant\logs\database_2025-07-17.log
2025-07-17 10:11:45 | DEBUG | src.anquant.py.util.logging | Added file handler for D:\AlphaNivesh\ANQuant\logs\redis_client_2025-07-17.log, handler ID: 15
2025-07-17 10:11:45 | INFO | src.anquant.py.util.logging | Logging initialized for redis_client (type: messaging, file: D:\AlphaNivesh\ANQuant\logs\redis_client_2025-07-17.log)
2025-07-17 10:11:45 | DEBUG | src.anquant.py.util.logging | Using config path: D:\AlphaNivesh\ANQuant\config/config.yaml, log dir: D:\AlphaNivesh\ANQuant\logs
2025-07-17 10:11:45 | DEBUG | src.anquant.py.util.logging | Creating log directory: D:\AlphaNivesh\ANQuant\logs
2025-07-17 10:11:45 | DEBUG | src.anquant.py.util.logging | Log file path: D:\AlphaNivesh\ANQuant\logs\portfolio_manager_2025-07-17.log
2025-07-17 10:17:21 | DEBUG | src.anquant.py.util.logging | Added file handler for D:\AlphaNivesh\ANQuant\logs\redis_client_2025-07-17.log, handler ID: 3
2025-07-17 10:17:21 | INFO | src.anquant.py.util.logging | Logging initialized for redis_client (type: messaging, file: D:\AlphaNivesh\ANQuant\logs\redis_client_2025-07-17.log)
2025-07-17 10:17:23 | DEBUG | src.anquant.py.util.logging | Using config path: D:\AlphaNivesh\ANQuant\config/config.yaml, log dir: D:\AlphaNivesh\ANQuant\logs
2025-07-17 10:17:23 | DEBUG | src.anquant.py.util.logging | Creating log directory: D:\AlphaNivesh\ANQuant\logs
2025-07-17 10:17:23 | DEBUG | src.anquant.py.util.logging | Log file path: D:\AlphaNivesh\ANQuant\logs\database_2025-07-17.log
2025-07-17 10:17:26 | DEBUG | src.anquant.py.util.logging | Added file handler for D:\AlphaNivesh\ANQuant\logs\redis_client_2025-07-17.log, handler ID: 15
2025-07-17 10:17:26 | INFO | src.anquant.py.util.logging | Logging initialized for redis_client (type: messaging, file: D:\AlphaNivesh\ANQuant\logs\redis_client_2025-07-17.log)
2025-07-17 10:17:26 | DEBUG | src.anquant.py.util.logging | Using config path: D:\AlphaNivesh\ANQuant\config/config.yaml, log dir: D:\AlphaNivesh\ANQuant\logs
2025-07-17 10:17:26 | DEBUG | src.anquant.py.util.logging | Creating log directory: D:\AlphaNivesh\ANQuant\logs
2025-07-17 10:17:26 | DEBUG | src.anquant.py.util.logging | Log file path: D:\AlphaNivesh\ANQuant\logs\portfolio_manager_2025-07-17.log
2025-07-17 10:22:32 | DEBUG | src.anquant.py.util.logging | Added file handler for D:\AlphaNivesh\ANQuant\logs\redis_client_2025-07-17.log, handler ID: 3
2025-07-17 10:22:32 | INFO | src.anquant.py.util.logging | Logging initialized for redis_client (type: messaging, file: D:\AlphaNivesh\ANQuant\logs\redis_client_2025-07-17.log)
2025-07-17 10:22:33 | DEBUG | src.anquant.py.util.logging | Using config path: D:\AlphaNivesh\ANQuant\config/config.yaml, log dir: D:\AlphaNivesh\ANQuant\logs
2025-07-17 10:22:33 | DEBUG | src.anquant.py.util.logging | Creating log directory: D:\AlphaNivesh\ANQuant\logs
2025-07-17 10:22:33 | DEBUG | src.anquant.py.util.logging | Log file path: D:\AlphaNivesh\ANQuant\logs\database_2025-07-17.log
2025-07-17 10:22:36 | DEBUG | src.anquant.py.util.logging | Added file handler for D:\AlphaNivesh\ANQuant\logs\redis_client_2025-07-17.log, handler ID: 15
2025-07-17 10:22:36 | INFO | src.anquant.py.util.logging | Logging initialized for redis_client (type: messaging, file: D:\AlphaNivesh\ANQuant\logs\redis_client_2025-07-17.log)
2025-07-17 10:22:36 | DEBUG | src.anquant.py.util.logging | Using config path: D:\AlphaNivesh\ANQuant\config/config.yaml, log dir: D:\AlphaNivesh\ANQuant\logs
2025-07-17 10:22:36 | DEBUG | src.anquant.py.util.logging | Creating log directory: D:\AlphaNivesh\ANQuant\logs
2025-07-17 10:22:36 | DEBUG | src.anquant.py.util.logging | Log file path: D:\AlphaNivesh\ANQuant\logs\portfolio_manager_2025-07-17.log
2025-07-17 10:27:11 | DEBUG | src.anquant.py.util.logging | Added file handler for D:\AlphaNivesh\ANQuant\logs\redis_client_2025-07-17.log, handler ID: 3
2025-07-17 10:27:11 | INFO | src.anquant.py.util.logging | Logging initialized for redis_client (type: messaging, file: D:\AlphaNivesh\ANQuant\logs\redis_client_2025-07-17.log)
2025-07-17 10:27:12 | DEBUG | src.anquant.py.util.logging | Using config path: D:\AlphaNivesh\ANQuant\config/config.yaml, log dir: D:\AlphaNivesh\ANQuant\logs
2025-07-17 10:27:12 | DEBUG | src.anquant.py.util.logging | Creating log directory: D:\AlphaNivesh\ANQuant\logs
2025-07-17 10:27:12 | DEBUG | src.anquant.py.util.logging | Log file path: D:\AlphaNivesh\ANQuant\logs\database_2025-07-17.log
2025-07-17 10:27:15 | DEBUG | src.anquant.py.util.logging | Added file handler for D:\AlphaNivesh\ANQuant\logs\redis_client_2025-07-17.log, handler ID: 15
2025-07-17 10:27:15 | INFO | src.anquant.py.util.logging | Logging initialized for redis_client (type: messaging, file: D:\AlphaNivesh\ANQuant\logs\redis_client_2025-07-17.log)
2025-07-17 10:27:15 | DEBUG | src.anquant.py.util.logging | Using config path: D:\AlphaNivesh\ANQuant\config/config.yaml, log dir: D:\AlphaNivesh\ANQuant\logs
2025-07-17 10:27:15 | DEBUG | src.anquant.py.util.logging | Creating log directory: D:\AlphaNivesh\ANQuant\logs
2025-07-17 10:27:15 | DEBUG | src.anquant.py.util.logging | Log file path: D:\AlphaNivesh\ANQuant\logs\portfolio_manager_2025-07-17.log
2025-07-17 10:30:57 | DEBUG | src.anquant.py.util.logging | Added file handler for D:\AlphaNivesh\ANQuant\logs\redis_client_2025-07-17.log, handler ID: 3
2025-07-17 10:30:57 | INFO | src.anquant.py.util.logging | Logging initialized for redis_client (type: messaging, file: D:\AlphaNivesh\ANQuant\logs\redis_client_2025-07-17.log)
2025-07-17 10:30:59 | DEBUG | src.anquant.py.util.logging | Using config path: D:\AlphaNivesh\ANQuant\config/config.yaml, log dir: D:\AlphaNivesh\ANQuant\logs
2025-07-17 10:30:59 | DEBUG | src.anquant.py.util.logging | Creating log directory: D:\AlphaNivesh\ANQuant\logs
2025-07-17 10:30:59 | DEBUG | src.anquant.py.util.logging | Log file path: D:\AlphaNivesh\ANQuant\logs\database_2025-07-17.log
2025-07-17 10:31:02 | DEBUG | src.anquant.py.util.logging | Added file handler for D:\AlphaNivesh\ANQuant\logs\redis_client_2025-07-17.log, handler ID: 15
2025-07-17 10:31:02 | INFO | src.anquant.py.util.logging | Logging initialized for redis_client (type: messaging, file: D:\AlphaNivesh\ANQuant\logs\redis_client_2025-07-17.log)
2025-07-17 10:31:02 | DEBUG | src.anquant.py.util.logging | Using config path: D:\AlphaNivesh\ANQuant\config/config.yaml, log dir: D:\AlphaNivesh\ANQuant\logs
2025-07-17 10:31:02 | DEBUG | src.anquant.py.util.logging | Creating log directory: D:\AlphaNivesh\ANQuant\logs
2025-07-17 10:31:02 | DEBUG | src.anquant.py.util.logging | Log file path: D:\AlphaNivesh\ANQuant\logs\portfolio_manager_2025-07-17.log
2025-07-17 10:36:10 | DEBUG | src.anquant.py.util.logging | Added file handler for D:\AlphaNivesh\ANQuant\logs\redis_client_2025-07-17.log, handler ID: 3
2025-07-17 10:36:10 | INFO | src.anquant.py.util.logging | Logging initialized for redis_client (type: messaging, file: D:\AlphaNivesh\ANQuant\logs\redis_client_2025-07-17.log)
2025-07-17 10:36:12 | DEBUG | src.anquant.py.util.logging | Using config path: D:\AlphaNivesh\ANQuant\config/config.yaml, log dir: D:\AlphaNivesh\ANQuant\logs
2025-07-17 10:36:12 | DEBUG | src.anquant.py.util.logging | Creating log directory: D:\AlphaNivesh\ANQuant\logs
2025-07-17 10:36:12 | DEBUG | src.anquant.py.util.logging | Log file path: D:\AlphaNivesh\ANQuant\logs\database_2025-07-17.log
2025-07-17 10:36:14 | DEBUG | src.anquant.py.util.logging | Added file handler for D:\AlphaNivesh\ANQuant\logs\redis_client_2025-07-17.log, handler ID: 15
2025-07-17 10:36:14 | INFO | src.anquant.py.util.logging | Logging initialized for redis_client (type: messaging, file: D:\AlphaNivesh\ANQuant\logs\redis_client_2025-07-17.log)
2025-07-17 10:36:14 | DEBUG | src.anquant.py.util.logging | Using config path: D:\AlphaNivesh\ANQuant\config/config.yaml, log dir: D:\AlphaNivesh\ANQuant\logs
2025-07-17 10:36:14 | DEBUG | src.anquant.py.util.logging | Creating log directory: D:\AlphaNivesh\ANQuant\logs
2025-07-17 10:36:14 | DEBUG | src.anquant.py.util.logging | Log file path: D:\AlphaNivesh\ANQuant\logs\portfolio_manager_2025-07-17.log
2025-07-17 10:42:30 | DEBUG | src.anquant.py.util.logging | Added file handler for D:\AlphaNivesh\ANQuant\logs\redis_client_2025-07-17.log, handler ID: 3
2025-07-17 10:42:30 | INFO | src.anquant.py.util.logging | Logging initialized for redis_client (type: messaging, file: D:\AlphaNivesh\ANQuant\logs\redis_client_2025-07-17.log)
2025-07-17 10:42:32 | DEBUG | src.anquant.py.util.logging | Using config path: D:\AlphaNivesh\ANQuant\config/config.yaml, log dir: D:\AlphaNivesh\ANQuant\logs
2025-07-17 10:42:32 | DEBUG | src.anquant.py.util.logging | Creating log directory: D:\AlphaNivesh\ANQuant\logs
2025-07-17 10:42:32 | DEBUG | src.anquant.py.util.logging | Log file path: D:\AlphaNivesh\ANQuant\logs\database_2025-07-17.log
2025-07-17 10:42:35 | DEBUG | src.anquant.py.util.logging | Added file handler for D:\AlphaNivesh\ANQuant\logs\redis_client_2025-07-17.log, handler ID: 15
2025-07-17 10:42:35 | INFO | src.anquant.py.util.logging | Logging initialized for redis_client (type: messaging, file: D:\AlphaNivesh\ANQuant\logs\redis_client_2025-07-17.log)
2025-07-17 10:42:35 | DEBUG | src.anquant.py.util.logging | Using config path: D:\AlphaNivesh\ANQuant\config/config.yaml, log dir: D:\AlphaNivesh\ANQuant\logs
2025-07-17 10:42:35 | DEBUG | src.anquant.py.util.logging | Creating log directory: D:\AlphaNivesh\ANQuant\logs
2025-07-17 10:42:35 | DEBUG | src.anquant.py.util.logging | Log file path: D:\AlphaNivesh\ANQuant\logs\portfolio_manager_2025-07-17.log
2025-07-17 10:43:53 | DEBUG | src.anquant.py.util.logging | Added file handler for D:\AlphaNivesh\ANQuant\logs\redis_client_2025-07-17.log, handler ID: 3
2025-07-17 10:43:53 | INFO | src.anquant.py.util.logging | Logging initialized for redis_client (type: messaging, file: D:\AlphaNivesh\ANQuant\logs\redis_client_2025-07-17.log)
2025-07-17 10:43:54 | DEBUG | src.anquant.py.util.logging | Using config path: D:\AlphaNivesh\ANQuant\config/config.yaml, log dir: D:\AlphaNivesh\ANQuant\logs
2025-07-17 10:43:54 | DEBUG | src.anquant.py.util.logging | Creating log directory: D:\AlphaNivesh\ANQuant\logs
2025-07-17 10:43:54 | DEBUG | src.anquant.py.util.logging | Log file path: D:\AlphaNivesh\ANQuant\logs\database_2025-07-17.log
2025-07-17 10:43:56 | DEBUG | src.anquant.py.util.logging | Added file handler for D:\AlphaNivesh\ANQuant\logs\redis_client_2025-07-17.log, handler ID: 15
2025-07-17 10:43:56 | INFO | src.anquant.py.util.logging | Logging initialized for redis_client (type: messaging, file: D:\AlphaNivesh\ANQuant\logs\redis_client_2025-07-17.log)
2025-07-17 10:43:56 | DEBUG | src.anquant.py.util.logging | Using config path: D:\AlphaNivesh\ANQuant\config/config.yaml, log dir: D:\AlphaNivesh\ANQuant\logs
2025-07-17 10:43:56 | DEBUG | src.anquant.py.util.logging | Creating log directory: D:\AlphaNivesh\ANQuant\logs
2025-07-17 10:43:56 | DEBUG | src.anquant.py.util.logging | Log file path: D:\AlphaNivesh\ANQuant\logs\portfolio_manager_2025-07-17.log
2025-07-17 10:46:18 | DEBUG | src.anquant.py.util.logging | Added file handler for D:\AlphaNivesh\ANQuant\logs\redis_client_2025-07-17.log, handler ID: 3
2025-07-17 10:46:18 | INFO | src.anquant.py.util.logging | Logging initialized for redis_client (type: messaging, file: D:\AlphaNivesh\ANQuant\logs\redis_client_2025-07-17.log)
2025-07-17 10:46:19 | DEBUG | src.anquant.py.util.logging | Using config path: D:\AlphaNivesh\ANQuant\config/config.yaml, log dir: D:\AlphaNivesh\ANQuant\logs
2025-07-17 10:46:19 | DEBUG | src.anquant.py.util.logging | Creating log directory: D:\AlphaNivesh\ANQuant\logs
2025-07-17 10:46:19 | DEBUG | src.anquant.py.util.logging | Log file path: D:\AlphaNivesh\ANQuant\logs\database_2025-07-17.log
2025-07-17 10:46:21 | DEBUG | src.anquant.py.util.logging | Added file handler for D:\AlphaNivesh\ANQuant\logs\redis_client_2025-07-17.log, handler ID: 15
2025-07-17 10:46:21 | INFO | src.anquant.py.util.logging | Logging initialized for redis_client (type: messaging, file: D:\AlphaNivesh\ANQuant\logs\redis_client_2025-07-17.log)
2025-07-17 10:46:21 | DEBUG | src.anquant.py.util.logging | Using config path: D:\AlphaNivesh\ANQuant\config/config.yaml, log dir: D:\AlphaNivesh\ANQuant\logs
2025-07-17 10:46:21 | DEBUG | src.anquant.py.util.logging | Creating log directory: D:\AlphaNivesh\ANQuant\logs
2025-07-17 10:46:21 | DEBUG | src.anquant.py.util.logging | Log file path: D:\AlphaNivesh\ANQuant\logs\portfolio_manager_2025-07-17.log
2025-07-17 10:50:25 | DEBUG | src.anquant.py.util.logging | Added file handler for D:\AlphaNivesh\ANQuant\logs\redis_client_2025-07-17.log, handler ID: 3
2025-07-17 10:50:25 | INFO | src.anquant.py.util.logging | Logging initialized for redis_client (type: messaging, file: D:\AlphaNivesh\ANQuant\logs\redis_client_2025-07-17.log)
2025-07-17 10:50:26 | DEBUG | src.anquant.py.util.logging | Using config path: D:\AlphaNivesh\ANQuant\config/config.yaml, log dir: D:\AlphaNivesh\ANQuant\logs
2025-07-17 10:50:26 | DEBUG | src.anquant.py.util.logging | Creating log directory: D:\AlphaNivesh\ANQuant\logs
2025-07-17 10:50:26 | DEBUG | src.anquant.py.util.logging | Log file path: D:\AlphaNivesh\ANQuant\logs\database_2025-07-17.log
2025-07-17 10:50:28 | DEBUG | src.anquant.py.util.logging | Added file handler for D:\AlphaNivesh\ANQuant\logs\redis_client_2025-07-17.log, handler ID: 15
2025-07-17 10:50:28 | INFO | src.anquant.py.util.logging | Logging initialized for redis_client (type: messaging, file: D:\AlphaNivesh\ANQuant\logs\redis_client_2025-07-17.log)
2025-07-17 10:50:28 | DEBUG | src.anquant.py.util.logging | Using config path: D:\AlphaNivesh\ANQuant\config/config.yaml, log dir: D:\AlphaNivesh\ANQuant\logs
2025-07-17 10:50:28 | DEBUG | src.anquant.py.util.logging | Creating log directory: D:\AlphaNivesh\ANQuant\logs
2025-07-17 10:50:28 | DEBUG | src.anquant.py.util.logging | Log file path: D:\AlphaNivesh\ANQuant\logs\portfolio_manager_2025-07-17.log
2025-07-17 10:53:55 | DEBUG | src.anquant.py.util.logging | Added file handler for D:\AlphaNivesh\ANQuant\logs\redis_client_2025-07-17.log, handler ID: 3
2025-07-17 10:53:55 | INFO | src.anquant.py.util.logging | Logging initialized for redis_client (type: messaging, file: D:\AlphaNivesh\ANQuant\logs\redis_client_2025-07-17.log)
2025-07-17 10:53:57 | DEBUG | src.anquant.py.util.logging | Using config path: D:\AlphaNivesh\ANQuant\config/config.yaml, log dir: D:\AlphaNivesh\ANQuant\logs
2025-07-17 10:53:57 | DEBUG | src.anquant.py.util.logging | Creating log directory: D:\AlphaNivesh\ANQuant\logs
2025-07-17 10:53:57 | DEBUG | src.anquant.py.util.logging | Log file path: D:\AlphaNivesh\ANQuant\logs\database_2025-07-17.log
2025-07-17 10:54:00 | DEBUG | src.anquant.py.util.logging | Added file handler for D:\AlphaNivesh\ANQuant\logs\redis_client_2025-07-17.log, handler ID: 15
2025-07-17 10:54:00 | INFO | src.anquant.py.util.logging | Logging initialized for redis_client (type: messaging, file: D:\AlphaNivesh\ANQuant\logs\redis_client_2025-07-17.log)
2025-07-17 10:54:00 | DEBUG | src.anquant.py.util.logging | Using config path: D:\AlphaNivesh\ANQuant\config/config.yaml, log dir: D:\AlphaNivesh\ANQuant\logs
2025-07-17 10:54:00 | DEBUG | src.anquant.py.util.logging | Creating log directory: D:\AlphaNivesh\ANQuant\logs
2025-07-17 10:54:00 | DEBUG | src.anquant.py.util.logging | Log file path: D:\AlphaNivesh\ANQuant\logs\portfolio_manager_2025-07-17.log
2025-07-17 11:00:10 | DEBUG | src.anquant.py.util.logging | Added file handler for D:\AlphaNivesh\ANQuant\logs\redis_client_2025-07-17.log, handler ID: 3
2025-07-17 11:00:10 | INFO | src.anquant.py.util.logging | Logging initialized for redis_client (type: messaging, file: D:\AlphaNivesh\ANQuant\logs\redis_client_2025-07-17.log)
2025-07-17 11:00:11 | DEBUG | src.anquant.py.util.logging | Using config path: D:\AlphaNivesh\ANQuant\config/config.yaml, log dir: D:\AlphaNivesh\ANQuant\logs
2025-07-17 11:00:11 | DEBUG | src.anquant.py.util.logging | Creating log directory: D:\AlphaNivesh\ANQuant\logs
2025-07-17 11:00:11 | DEBUG | src.anquant.py.util.logging | Log file path: D:\AlphaNivesh\ANQuant\logs\database_2025-07-17.log
2025-07-17 11:00:14 | DEBUG | src.anquant.py.util.logging | Added file handler for D:\AlphaNivesh\ANQuant\logs\redis_client_2025-07-17.log, handler ID: 15
2025-07-17 11:00:14 | INFO | src.anquant.py.util.logging | Logging initialized for redis_client (type: messaging, file: D:\AlphaNivesh\ANQuant\logs\redis_client_2025-07-17.log)
2025-07-17 11:00:14 | DEBUG | src.anquant.py.util.logging | Using config path: D:\AlphaNivesh\ANQuant\config/config.yaml, log dir: D:\AlphaNivesh\ANQuant\logs
2025-07-17 11:00:14 | DEBUG | src.anquant.py.util.logging | Creating log directory: D:\AlphaNivesh\ANQuant\logs
2025-07-17 11:00:14 | DEBUG | src.anquant.py.util.logging | Log file path: D:\AlphaNivesh\ANQuant\logs\portfolio_manager_2025-07-17.log
2025-07-17 11:11:16 | DEBUG | src.anquant.py.util.logging | Added file handler for D:\AlphaNivesh\ANQuant\logs\redis_client_2025-07-17.log, handler ID: 3
2025-07-17 11:11:16 | INFO | src.anquant.py.util.logging | Logging initialized for redis_client (type: messaging, file: D:\AlphaNivesh\ANQuant\logs\redis_client_2025-07-17.log)
2025-07-17 11:11:18 | DEBUG | src.anquant.py.util.logging | Using config path: D:\AlphaNivesh\ANQuant\config/config.yaml, log dir: D:\AlphaNivesh\ANQuant\logs
2025-07-17 11:11:18 | DEBUG | src.anquant.py.util.logging | Creating log directory: D:\AlphaNivesh\ANQuant\logs
2025-07-17 11:11:18 | DEBUG | src.anquant.py.util.logging | Log file path: D:\AlphaNivesh\ANQuant\logs\database_2025-07-17.log
2025-07-17 11:11:21 | DEBUG | src.anquant.py.util.logging | Added file handler for D:\AlphaNivesh\ANQuant\logs\redis_client_2025-07-17.log, handler ID: 15
2025-07-17 11:11:21 | INFO | src.anquant.py.util.logging | Logging initialized for redis_client (type: messaging, file: D:\AlphaNivesh\ANQuant\logs\redis_client_2025-07-17.log)
2025-07-17 11:11:21 | DEBUG | src.anquant.py.util.logging | Using config path: D:\AlphaNivesh\ANQuant\config/config.yaml, log dir: D:\AlphaNivesh\ANQuant\logs
2025-07-17 11:11:21 | DEBUG | src.anquant.py.util.logging | Creating log directory: D:\AlphaNivesh\ANQuant\logs
2025-07-17 11:11:21 | DEBUG | src.anquant.py.util.logging | Log file path: D:\AlphaNivesh\ANQuant\logs\portfolio_manager_2025-07-17.log
2025-07-17 11:14:37 | DEBUG | src.anquant.py.util.logging | Added file handler for D:\AlphaNivesh\ANQuant\logs\redis_client_2025-07-17.log, handler ID: 3
2025-07-17 11:14:37 | INFO | src.anquant.py.util.logging | Logging initialized for redis_client (type: messaging, file: D:\AlphaNivesh\ANQuant\logs\redis_client_2025-07-17.log)
2025-07-17 11:14:38 | DEBUG | src.anquant.py.util.logging | Using config path: D:\AlphaNivesh\ANQuant\config/config.yaml, log dir: D:\AlphaNivesh\ANQuant\logs
2025-07-17 11:14:38 | DEBUG | src.anquant.py.util.logging | Creating log directory: D:\AlphaNivesh\ANQuant\logs
2025-07-17 11:14:38 | DEBUG | src.anquant.py.util.logging | Log file path: D:\AlphaNivesh\ANQuant\logs\database_2025-07-17.log
2025-07-17 11:14:41 | DEBUG | src.anquant.py.util.logging | Added file handler for D:\AlphaNivesh\ANQuant\logs\redis_client_2025-07-17.log, handler ID: 15
2025-07-17 11:14:41 | INFO | src.anquant.py.util.logging | Logging initialized for redis_client (type: messaging, file: D:\AlphaNivesh\ANQuant\logs\redis_client_2025-07-17.log)
2025-07-17 11:14:41 | DEBUG | src.anquant.py.util.logging | Using config path: D:\AlphaNivesh\ANQuant\config/config.yaml, log dir: D:\AlphaNivesh\ANQuant\logs
2025-07-17 11:14:41 | DEBUG | src.anquant.py.util.logging | Creating log directory: D:\AlphaNivesh\ANQuant\logs
2025-07-17 11:14:41 | DEBUG | src.anquant.py.util.logging | Log file path: D:\AlphaNivesh\ANQuant\logs\portfolio_manager_2025-07-17.log
2025-07-17 11:17:38 | DEBUG | src.anquant.py.util.logging | Added file handler for D:\AlphaNivesh\ANQuant\logs\redis_client_2025-07-17.log, handler ID: 3
2025-07-17 11:17:38 | INFO | src.anquant.py.util.logging | Logging initialized for redis_client (type: messaging, file: D:\AlphaNivesh\ANQuant\logs\redis_client_2025-07-17.log)
2025-07-17 11:17:39 | DEBUG | src.anquant.py.util.logging | Using config path: D:\AlphaNivesh\ANQuant\config/config.yaml, log dir: D:\AlphaNivesh\ANQuant\logs
2025-07-17 11:17:39 | DEBUG | src.anquant.py.util.logging | Creating log directory: D:\AlphaNivesh\ANQuant\logs
2025-07-17 11:17:39 | DEBUG | src.anquant.py.util.logging | Log file path: D:\AlphaNivesh\ANQuant\logs\database_2025-07-17.log
2025-07-17 11:17:41 | DEBUG | src.anquant.py.util.logging | Added file handler for D:\AlphaNivesh\ANQuant\logs\redis_client_2025-07-17.log, handler ID: 15
2025-07-17 11:17:41 | INFO | src.anquant.py.util.logging | Logging initialized for redis_client (type: messaging, file: D:\AlphaNivesh\ANQuant\logs\redis_client_2025-07-17.log)
2025-07-17 11:17:41 | DEBUG | src.anquant.py.util.logging | Using config path: D:\AlphaNivesh\ANQuant\config/config.yaml, log dir: D:\AlphaNivesh\ANQuant\logs
2025-07-17 11:17:41 | DEBUG | src.anquant.py.util.logging | Creating log directory: D:\AlphaNivesh\ANQuant\logs
2025-07-17 11:17:41 | DEBUG | src.anquant.py.util.logging | Log file path: D:\AlphaNivesh\ANQuant\logs\portfolio_manager_2025-07-17.log
2025-07-17 11:25:20 | DEBUG | src.anquant.py.util.logging | Added file handler for D:\AlphaNivesh\ANQuant\logs\redis_client_2025-07-17.log, handler ID: 3
2025-07-17 11:25:20 | INFO | src.anquant.py.util.logging | Logging initialized for redis_client (type: messaging, file: D:\AlphaNivesh\ANQuant\logs\redis_client_2025-07-17.log)
2025-07-17 11:25:21 | DEBUG | src.anquant.py.util.logging | Using config path: D:\AlphaNivesh\ANQuant\config/config.yaml, log dir: D:\AlphaNivesh\ANQuant\logs
2025-07-17 11:25:21 | DEBUG | src.anquant.py.util.logging | Creating log directory: D:\AlphaNivesh\ANQuant\logs
2025-07-17 11:25:21 | DEBUG | src.anquant.py.util.logging | Log file path: D:\AlphaNivesh\ANQuant\logs\database_2025-07-17.log
2025-07-17 11:25:22 | DEBUG | src.anquant.py.util.logging | Added file handler for D:\AlphaNivesh\ANQuant\logs\redis_client_2025-07-17.log, handler ID: 15
2025-07-17 11:25:22 | INFO | src.anquant.py.util.logging | Logging initialized for redis_client (type: messaging, file: D:\AlphaNivesh\ANQuant\logs\redis_client_2025-07-17.log)
2025-07-17 11:25:22 | DEBUG | src.anquant.py.util.logging | Using config path: D:\AlphaNivesh\ANQuant\config/config.yaml, log dir: D:\AlphaNivesh\ANQuant\logs
2025-07-17 11:25:22 | DEBUG | src.anquant.py.util.logging | Creating log directory: D:\AlphaNivesh\ANQuant\logs
2025-07-17 11:25:22 | DEBUG | src.anquant.py.util.logging | Log file path: D:\AlphaNivesh\ANQuant\logs\portfolio_manager_2025-07-17.log
2025-07-17 11:27:59 | DEBUG | src.anquant.py.util.logging | Added file handler for D:\AlphaNivesh\ANQuant\logs\redis_client_2025-07-17.log, handler ID: 3
2025-07-17 11:27:59 | INFO | src.anquant.py.util.logging | Logging initialized for redis_client (type: messaging, file: D:\AlphaNivesh\ANQuant\logs\redis_client_2025-07-17.log)
2025-07-17 11:28:01 | DEBUG | src.anquant.py.util.logging | Using config path: D:\AlphaNivesh\ANQuant\config/config.yaml, log dir: D:\AlphaNivesh\ANQuant\logs
2025-07-17 11:28:01 | DEBUG | src.anquant.py.util.logging | Creating log directory: D:\AlphaNivesh\ANQuant\logs
2025-07-17 11:28:01 | DEBUG | src.anquant.py.util.logging | Log file path: D:\AlphaNivesh\ANQuant\logs\database_2025-07-17.log
2025-07-17 11:28:05 | DEBUG | src.anquant.py.util.logging | Added file handler for D:\AlphaNivesh\ANQuant\logs\redis_client_2025-07-17.log, handler ID: 15
2025-07-17 11:28:05 | INFO | src.anquant.py.util.logging | Logging initialized for redis_client (type: messaging, file: D:\AlphaNivesh\ANQuant\logs\redis_client_2025-07-17.log)
2025-07-17 11:28:05 | DEBUG | src.anquant.py.util.logging | Using config path: D:\AlphaNivesh\ANQuant\config/config.yaml, log dir: D:\AlphaNivesh\ANQuant\logs
2025-07-17 11:28:05 | DEBUG | src.anquant.py.util.logging | Creating log directory: D:\AlphaNivesh\ANQuant\logs
2025-07-17 11:28:05 | DEBUG | src.anquant.py.util.logging | Log file path: D:\AlphaNivesh\ANQuant\logs\portfolio_manager_2025-07-17.log
2025-07-17 11:30:06 | DEBUG | src.anquant.py.util.logging | Added file handler for D:\AlphaNivesh\ANQuant\logs\redis_client_2025-07-17.log, handler ID: 3
2025-07-17 11:30:06 | INFO | src.anquant.py.util.logging | Logging initialized for redis_client (type: messaging, file: D:\AlphaNivesh\ANQuant\logs\redis_client_2025-07-17.log)
2025-07-17 11:30:08 | DEBUG | src.anquant.py.util.logging | Using config path: D:\AlphaNivesh\ANQuant\config/config.yaml, log dir: D:\AlphaNivesh\ANQuant\logs
2025-07-17 11:30:08 | DEBUG | src.anquant.py.util.logging | Creating log directory: D:\AlphaNivesh\ANQuant\logs
2025-07-17 11:30:08 | DEBUG | src.anquant.py.util.logging | Log file path: D:\AlphaNivesh\ANQuant\logs\database_2025-07-17.log
2025-07-17 11:30:10 | DEBUG | src.anquant.py.util.logging | Added file handler for D:\AlphaNivesh\ANQuant\logs\redis_client_2025-07-17.log, handler ID: 15
2025-07-17 11:30:10 | INFO | src.anquant.py.util.logging | Logging initialized for redis_client (type: messaging, file: D:\AlphaNivesh\ANQuant\logs\redis_client_2025-07-17.log)
2025-07-17 11:30:10 | DEBUG | src.anquant.py.util.logging | Using config path: D:\AlphaNivesh\ANQuant\config/config.yaml, log dir: D:\AlphaNivesh\ANQuant\logs
2025-07-17 11:30:10 | DEBUG | src.anquant.py.util.logging | Creating log directory: D:\AlphaNivesh\ANQuant\logs
2025-07-17 11:30:10 | DEBUG | src.anquant.py.util.logging | Log file path: D:\AlphaNivesh\ANQuant\logs\portfolio_manager_2025-07-17.log
2025-07-17 13:31:04 | DEBUG | src.anquant.py.util.logging | Added file handler for D:\AlphaNivesh\ANQuant\logs\redis_client_2025-07-17.log, handler ID: 3
2025-07-17 13:31:04 | INFO | src.anquant.py.util.logging | Logging initialized for redis_client (type: messaging, file: D:\AlphaNivesh\ANQuant\logs\redis_client_2025-07-17.log)
2025-07-17 13:31:17 | DEBUG | src.anquant.py.util.logging | Using config path: D:\AlphaNivesh\ANQuant\config/config.yaml, log dir: D:\AlphaNivesh\ANQuant\logs
2025-07-17 13:31:17 | DEBUG | src.anquant.py.util.logging | Creating log directory: D:\AlphaNivesh\ANQuant\logs
2025-07-17 13:31:17 | DEBUG | src.anquant.py.util.logging | Log file path: D:\AlphaNivesh\ANQuant\logs\database_2025-07-17.log
2025-07-17 13:31:24 | DEBUG | src.anquant.py.util.logging | Added file handler for D:\AlphaNivesh\ANQuant\logs\redis_client_2025-07-17.log, handler ID: 15
2025-07-17 13:31:24 | INFO | src.anquant.py.util.logging | Logging initialized for redis_client (type: messaging, file: D:\AlphaNivesh\ANQuant\logs\redis_client_2025-07-17.log)
2025-07-17 13:31:24 | DEBUG | src.anquant.py.util.logging | Using config path: D:\AlphaNivesh\ANQuant\config/config.yaml, log dir: D:\AlphaNivesh\ANQuant\logs
2025-07-17 13:31:24 | DEBUG | src.anquant.py.util.logging | Creating log directory: D:\AlphaNivesh\ANQuant\logs
2025-07-17 13:31:24 | DEBUG | src.anquant.py.util.logging | Log file path: D:\AlphaNivesh\ANQuant\logs\portfolio_manager_2025-07-17.log
2025-07-17 13:34:47 | DEBUG | src.anquant.py.util.logging | Added file handler for D:\AlphaNivesh\ANQuant\logs\redis_client_2025-07-17.log, handler ID: 3
2025-07-17 13:34:47 | INFO | src.anquant.py.util.logging | Logging initialized for redis_client (type: messaging, file: D:\AlphaNivesh\ANQuant\logs\redis_client_2025-07-17.log)
2025-07-17 13:34:49 | DEBUG | src.anquant.py.util.logging | Using config path: D:\AlphaNivesh\ANQuant\config/config.yaml, log dir: D:\AlphaNivesh\ANQuant\logs
2025-07-17 13:34:49 | DEBUG | src.anquant.py.util.logging | Creating log directory: D:\AlphaNivesh\ANQuant\logs
2025-07-17 13:34:49 | DEBUG | src.anquant.py.util.logging | Log file path: D:\AlphaNivesh\ANQuant\logs\database_2025-07-17.log
2025-07-17 13:34:52 | DEBUG | src.anquant.py.util.logging | Added file handler for D:\AlphaNivesh\ANQuant\logs\redis_client_2025-07-17.log, handler ID: 15
2025-07-17 13:34:52 | INFO | src.anquant.py.util.logging | Logging initialized for redis_client (type: messaging, file: D:\AlphaNivesh\ANQuant\logs\redis_client_2025-07-17.log)
2025-07-17 13:34:52 | DEBUG | src.anquant.py.util.logging | Using config path: D:\AlphaNivesh\ANQuant\config/config.yaml, log dir: D:\AlphaNivesh\ANQuant\logs
2025-07-17 13:34:52 | DEBUG | src.anquant.py.util.logging | Creating log directory: D:\AlphaNivesh\ANQuant\logs
2025-07-17 13:34:52 | DEBUG | src.anquant.py.util.logging | Log file path: D:\AlphaNivesh\ANQuant\logs\portfolio_manager_2025-07-17.log
